build/intermediates/manifest_merge_blame_file/debug/manifest-merger-blame-debug-report.txt
1<?xml version="1.0" encoding="utf-8"?>
2<manifest xmlns:android="http://schemas.android.com/apk/res/android"
3    package="com.mon.guard"
4    android:versionCode="1"
5    android:versionName="1.0" >
6
7    <uses-sdk
8        android:minSdkVersion="16"
8-->src/main/AndroidManifest.xml
9        android:targetSdkVersion="30" />
9-->src/main/AndroidManifest.xml
10
11    <uses-permission android:name="android.permission.PACKAGE_USAGE_STATS" />
11-->src/main/AndroidManifest.xml:33:5-35:47
11-->src/main/AndroidManifest.xml:34:9-62
12
13    <application
13-->src/main/AndroidManifest.xml:6:5-32:19
14        android:allowBackup="true"
14-->src/main/AndroidManifest.xml:7:9-35
15        android:appComponentFactory="androidx.core.app.CoreComponentFactory"
15-->[androidx.core:core:1.1.0] AndroidManifest.xml:24:18-86
16        android:debuggable="true"
17        android:icon="@mipmap/ic_launcher"
17-->src/main/AndroidManifest.xml:8:9-43
18        android:label="@string/app_name"
18-->src/main/AndroidManifest.xml:9:9-41
19        android:roundIcon="@mipmap/ic_launcher_round"
19-->src/main/AndroidManifest.xml:10:9-54
20        android:supportsRtl="true"
20-->src/main/AndroidManifest.xml:11:9-35
21        android:testOnly="true"
22        android:theme="@style/AppTheme" >
22-->src/main/AndroidManifest.xml:12:9-40
23        <activity android:name="com.mon.guard.MainActivity" >
23-->src/main/AndroidManifest.xml:13:9-19:20
23-->src/main/AndroidManifest.xml:13:19-47
24            <intent-filter>
24-->src/main/AndroidManifest.xml:14:13-18:29
25                <action android:name="android.intent.action.MAIN" />
25-->src/main/AndroidManifest.xml:15:17-69
25-->src/main/AndroidManifest.xml:15:25-66
26
27                <category android:name="android.intent.category.LAUNCHER" />
27-->src/main/AndroidManifest.xml:17:17-77
27-->src/main/AndroidManifest.xml:17:27-74
28            </intent-filter>
29        </activity>
30
31        <receiver
31-->src/main/AndroidManifest.xml:21:9-29:20
32            android:name="com.mon.guard.MyAdmin"
32-->src/main/AndroidManifest.xml:21:19-42
33            android:permission="android.permission.BIND_DEVICE_ADMIN" >
33-->src/main/AndroidManifest.xml:21:43-100
34            <meta-data
34-->src/main/AndroidManifest.xml:22:13-23:52
35                android:name="android.app.device_admin"
35-->src/main/AndroidManifest.xml:22:24-63
36                android:resource="@xml/policies" />
36-->src/main/AndroidManifest.xml:23:17-49
37
38            <intent-filter>
38-->src/main/AndroidManifest.xml:25:13-27:29
39                <action android:name="android.app.action.DEVICE_ADMIN_ENABLED" />
39-->src/main/AndroidManifest.xml:26:17-81
39-->src/main/AndroidManifest.xml:26:25-79
40            </intent-filter>
41        </receiver>
42        <!-- defining the service class here -->
43        <service android:name="com.mon.guard.GuardService" />
43-->src/main/AndroidManifest.xml:31:9-49
43-->src/main/AndroidManifest.xml:31:18-46
44    </application>
45
46</manifest>